Build started 6/1/2016 09:14:17.
     1>Project "C:\Users\Luna\Programming Projects\IGMTutorial\Physics\3D Rolling Resistance\3D_RollingResistance\3D_RollingResistance.vcxproj" on node 2 (Build target(s)).
     1>ClCompile:
         C:\Program Files (x86)\Microsoft Visual Studio 12.0\VC\bin\CL.exe /c /I"C:\Users\Luna\Programming Projects\IGMTutorial\Physics\3D Rolling Resistance\3D_RollingResistance\\include" /ZI /nologo /W3 /WX- /sdl /Od /Oy- /D _MBCS /Gm /EHsc /RTC1 /MDd /GS /fp:precise /Zc:wchar_t /Zc:forScope /Fo"Debug\\" /Fd"Debug\vc120.pdb" /Gd /TP /analyze- /errorReport:prompt main.cpp
         main.cpp
     1>c:\users\luna\programming projects\igmtutorial\physics\3d rolling resistance\3d_rollingresistance\main.cpp(191): warning C4244: '=' : conversion from 'double' to 'float', possible loss of data
     1>c:\users\luna\programming projects\igmtutorial\physics\3d rolling resistance\3d_rollingresistance\main.cpp(192): warning C4244: '=' : conversion from 'double' to 'float', possible loss of data
     1>c:\users\luna\programming projects\igmtutorial\physics\3d rolling resistance\3d_rollingresistance\main.cpp(193): warning C4244: '=' : conversion from 'double' to 'float', possible loss of data
     1>c:\users\luna\programming projects\igmtutorial\physics\3d rolling resistance\3d_rollingresistance\main.cpp(199): warning C4244: '=' : conversion from 'double' to 'float', possible loss of data
     1>c:\users\luna\programming projects\igmtutorial\physics\3d rolling resistance\3d_rollingresistance\main.cpp(200): warning C4244: '=' : conversion from 'double' to 'float', possible loss of data
     1>c:\users\luna\programming projects\igmtutorial\physics\3d rolling resistance\3d_rollingresistance\main.cpp(201): warning C4244: '=' : conversion from 'double' to 'float', possible loss of data
     1>c:\users\luna\programming projects\igmtutorial\physics\3d rolling resistance\3d_rollingresistance\main.cpp(207): warning C4244: '=' : conversion from 'double' to 'float', possible loss of data
     1>c:\users\luna\programming projects\igmtutorial\physics\3d rolling resistance\3d_rollingresistance\main.cpp(208): warning C4244: '=' : conversion from 'double' to 'float', possible loss of data
     1>c:\users\luna\programming projects\igmtutorial\physics\3d rolling resistance\3d_rollingresistance\main.cpp(209): warning C4244: '=' : conversion from 'double' to 'float', possible loss of data
     1>c:\users\luna\programming projects\igmtutorial\physics\3d rolling resistance\3d_rollingresistance\main.cpp(215): warning C4244: '=' : conversion from 'double' to 'float', possible loss of data
     1>c:\users\luna\programming projects\igmtutorial\physics\3d rolling resistance\3d_rollingresistance\main.cpp(216): warning C4244: '=' : conversion from 'double' to 'float', possible loss of data
     1>c:\users\luna\programming projects\igmtutorial\physics\3d rolling resistance\3d_rollingresistance\main.cpp(217): warning C4244: '=' : conversion from 'double' to 'float', possible loss of data
     1>c:\users\luna\programming projects\igmtutorial\physics\3d rolling resistance\3d_rollingresistance\main.cpp(743): warning C4101: 'temp' : unreferenced local variable
     1>c:\users\luna\programming projects\igmtutorial\physics\3d rolling resistance\3d_rollingresistance\main.cpp(912): warning C4101: 'i' : unreferenced local variable
     1>c:\users\luna\programming projects\igmtutorial\physics\3d rolling resistance\3d_rollingresistance\main.cpp(1348): warning C4244: 'argument' : conversion from 'double' to 'float', possible loss of data
     1>c:\users\luna\programming projects\igmtutorial\physics\3d rolling resistance\3d_rollingresistance\main.cpp(584): warning C4715: 'overlap' : not all control paths return a value
       Link:
         C:\Program Files (x86)\Microsoft Visual Studio 12.0\VC\bin\link.exe /ERRORREPORT:PROMPT /OUT:"C:\Users\Luna\Programming Projects\IGMTutorial\Physics\3D Rolling Resistance\Debug\3D_RollingResistance.exe" /INCREMENTAL /NOLOGO /LIBPATH:"C:\Users\Luna\Programming Projects\IGMTutorial\Physics\3D Rolling Resistance\3D_RollingResistance\\lib" opengl32.lib glew32.lib glfw3.lib kernel32.lib user32.lib gdi32.lib winspool.lib comdlg32.lib advapi32.lib shell32.lib ole32.lib oleaut32.lib uuid.lib odbc32.lib odbccp32.lib /MANIFEST /MANIFESTUAC:"level='asInvoker' uiAccess='false'" /manifest:embed /DEBUG /PDB:"C:\Users\Luna\Programming Projects\IGMTutorial\Physics\3D Rolling Resistance\Debug\3D_RollingResistance.pdb" /TLBID:1 /DYNAMICBASE /NXCOMPAT /IMPLIB:"C:\Users\Luna\Programming Projects\IGMTutorial\Physics\3D Rolling Resistance\Debug\3D_RollingResistance.lib" /MACHINE:X86 Debug\main.obj
     1>LINK : warning LNK4098: defaultlib 'MSVCRT' conflicts with use of other libs; use /NODEFAULTLIB:library
         3D_RollingResistance.vcxproj -> C:\Users\Luna\Programming Projects\IGMTutorial\Physics\3D Rolling Resistance\Debug\3D_RollingResistance.exe
     1>Done Building Project "C:\Users\Luna\Programming Projects\IGMTutorial\Physics\3D Rolling Resistance\3D_RollingResistance\3D_RollingResistance.vcxproj" (Build target(s)).

Build succeeded.

Time Elapsed 00:00:01.19
